[2024-09-08 13:40:09,049: INFO: main: Welvomr]
[2024-09-08 14:05:53,429: INFO: common: yaml file: config\config.yaml loaded successfully]
[2024-09-08 14:05:53,445: INFO: common: yaml file: params.yaml loaded successfully]
[2024-09-08 14:06:44,834: INFO: common: yaml file: config\config.yaml loaded successfully]
[2024-09-08 14:06:44,845: INFO: common: yaml file: params.yaml loaded successfully]
[2024-09-08 14:06:44,845: INFO: common: created directory at: artifacts]
[2024-09-08 14:06:44,845: INFO: common: created directory at: artifacts/data_ingestion]
[2024-09-08 14:06:44,853: INFO: 3172177572: Downloading data from https://drive.google.com/file/d/1vlhZ5c7abUKF8xXERIw6m9Te8fW7ohw3/view?usp=sharing into file artifacts/data_ingestion/data.zip]
[2024-09-08 14:06:58,645: INFO: 3172177572: Downloaded data from https://drive.google.com/file/d/1vlhZ5c7abUKF8xXERIw6m9Te8fW7ohw3/view?usp=sharing into file artifacts/data_ingestion/data.zip]
[2024-09-08 14:21:40,470: INFO: main: >>>>>> stage Data Ingestion stage started <<<<<<]
[2024-09-08 14:21:40,470: INFO: common: yaml file: config\config.yaml loaded successfully]
[2024-09-08 14:21:40,470: INFO: common: yaml file: params.yaml loaded successfully]
[2024-09-08 14:21:40,470: INFO: common: created directory at: artifacts]
[2024-09-08 14:21:40,470: INFO: common: created directory at: artifacts/data_ingestion]
[2024-09-08 14:21:40,470: INFO: data_ingestion: Downloading data from https://drive.google.com/file/d/1vlhZ5c7abUKF8xXERIw6m9Te8fW7ohw3/view?usp=sharing into file artifacts/data_ingestion/data.zip]
[2024-09-08 14:21:53,901: INFO: data_ingestion: Downloaded data from https://drive.google.com/file/d/1vlhZ5c7abUKF8xXERIw6m9Te8fW7ohw3/view?usp=sharing into file artifacts/data_ingestion/data.zip]
[2024-09-08 14:21:54,822: INFO: main: >>>>>> stage Data Ingestion stage completed <<<<<<

x==========x]
[2024-09-08 16:32:09,489: INFO: common: yaml file: config\config.yaml loaded successfully]
[2024-09-08 16:32:09,515: INFO: common: yaml file: params.yaml loaded successfully]
[2024-09-08 16:32:09,515: INFO: common: created directory at: artifacts]
[2024-09-08 16:32:09,515: INFO: common: created directory at: artifacts/prepare_base_model]
[2024-09-08 16:32:21,102: WARNING: saving_utils: Compiled the loaded model, but the compiled metrics have yet to be built. `model.compile_metrics` will be empty until you train or evaluate the model.]
[2024-09-08 17:53:02,912: INFO: main: >>>>>> stage Data Ingestion stage started <<<<<<]
[2024-09-08 17:53:02,927: INFO: common: yaml file: config\config.yaml loaded successfully]
[2024-09-08 17:53:02,927: INFO: common: yaml file: params.yaml loaded successfully]
[2024-09-08 17:53:02,927: INFO: common: created directory at: artifacts]
[2024-09-08 17:53:02,927: INFO: common: created directory at: artifacts/data_ingestion]
[2024-09-08 17:53:02,927: INFO: data_ingestion: Downloading data from https://drive.google.com/file/d/1vlhZ5c7abUKF8xXERIw6m9Te8fW7ohw3/view?usp=sharing into file artifacts/data_ingestion/data.zip]
[2024-09-08 17:53:16,252: INFO: data_ingestion: Downloaded data from https://drive.google.com/file/d/1vlhZ5c7abUKF8xXERIw6m9Te8fW7ohw3/view?usp=sharing into file artifacts/data_ingestion/data.zip]
[2024-09-08 17:53:17,252: INFO: main: >>>>>> stage Data Ingestion stage completed <<<<<<

x==========x]
[2024-09-08 17:55:34,943: INFO: main: >>>>>> stage Data Ingestion stage started <<<<<<]
[2024-09-08 17:55:34,943: INFO: common: yaml file: config\config.yaml loaded successfully]
[2024-09-08 17:55:34,943: INFO: common: yaml file: params.yaml loaded successfully]
[2024-09-08 17:55:34,943: INFO: common: created directory at: artifacts]
[2024-09-08 17:55:34,943: INFO: common: created directory at: artifacts/data_ingestion]
[2024-09-08 17:55:34,958: INFO: data_ingestion: Downloading data from https://drive.google.com/file/d/1vlhZ5c7abUKF8xXERIw6m9Te8fW7ohw3/view?usp=sharing into file artifacts/data_ingestion/data.zip]
[2024-09-08 17:55:48,440: INFO: data_ingestion: Downloaded data from https://drive.google.com/file/d/1vlhZ5c7abUKF8xXERIw6m9Te8fW7ohw3/view?usp=sharing into file artifacts/data_ingestion/data.zip]
[2024-09-08 17:55:49,064: INFO: main: >>>>>> stage Data Ingestion stage completed <<<<<<

x==========x]
[2024-09-08 17:55:49,064: INFO: main: *******************]
[2024-09-08 17:55:49,064: INFO: main: >>>>>> stage Prepare base model started <<<<<<]
[2024-09-08 17:55:49,064: INFO: common: yaml file: config\config.yaml loaded successfully]
[2024-09-08 17:55:49,064: INFO: common: yaml file: params.yaml loaded successfully]
[2024-09-08 17:55:49,064: INFO: common: created directory at: artifacts]
[2024-09-08 17:55:49,064: INFO: common: created directory at: artifacts/prepare_base_model]
[2024-09-08 17:55:50,080: WARNING: saving_utils: Compiled the loaded model, but the compiled metrics have yet to be built. `model.compile_metrics` will be empty until you train or evaluate the model.]
[2024-09-08 17:55:51,423: INFO: main: >>>>>> stage Prepare base model completed <<<<<<

x==========x]
[2024-09-08 19:06:12,783: INFO: common: yaml file: config\config.yaml loaded successfully]
[2024-09-08 19:06:12,895: INFO: common: yaml file: params.yaml loaded successfully]
[2024-09-08 19:06:12,897: INFO: common: created directory at: artifacts]
[2024-09-08 19:06:12,899: INFO: common: created directory at: artifacts\training]
[2024-09-08 19:19:48,732: INFO: main: >>>>>> stage Data Ingestion stage started <<<<<<]
[2024-09-08 19:19:48,747: INFO: common: yaml file: config\config.yaml loaded successfully]
[2024-09-08 19:19:48,747: INFO: common: yaml file: params.yaml loaded successfully]
[2024-09-08 19:19:48,747: INFO: common: created directory at: artifacts]
[2024-09-08 19:19:48,747: INFO: common: created directory at: artifacts/data_ingestion]
[2024-09-08 19:19:48,747: INFO: data_ingestion: Downloading data from https://drive.google.com/file/d/1vlhZ5c7abUKF8xXERIw6m9Te8fW7ohw3/view?usp=sharing into file artifacts/data_ingestion/data.zip]
[2024-09-08 19:20:01,890: INFO: data_ingestion: Downloaded data from https://drive.google.com/file/d/1vlhZ5c7abUKF8xXERIw6m9Te8fW7ohw3/view?usp=sharing into file artifacts/data_ingestion/data.zip]
[2024-09-08 19:20:02,609: INFO: main: >>>>>> stage Data Ingestion stage completed <<<<<<

x==========x]
[2024-09-08 19:20:02,609: INFO: main: *******************]
[2024-09-08 19:20:02,609: INFO: main: >>>>>> stage Prepare base model started <<<<<<]
[2024-09-08 19:20:02,609: INFO: common: yaml file: config\config.yaml loaded successfully]
[2024-09-08 19:20:02,609: INFO: common: yaml file: params.yaml loaded successfully]
[2024-09-08 19:20:02,609: INFO: common: created directory at: artifacts]
[2024-09-08 19:20:02,609: INFO: common: created directory at: artifacts/prepare_base_model]
[2024-09-08 19:20:03,436: WARNING: saving_utils: Compiled the loaded model, but the compiled metrics have yet to be built. `model.compile_metrics` will be empty until you train or evaluate the model.]
[2024-09-08 19:20:03,858: INFO: main: >>>>>> stage Prepare base model completed <<<<<<

x==========x]
[2024-09-08 19:20:03,858: INFO: main: *******************]
[2024-09-08 19:20:03,858: INFO: main: >>>>>> stage Training started <<<<<<]
[2024-09-08 19:20:03,858: INFO: common: yaml file: config\config.yaml loaded successfully]
[2024-09-08 19:20:03,874: INFO: common: yaml file: params.yaml loaded successfully]
[2024-09-08 19:20:03,874: INFO: common: created directory at: artifacts]
[2024-09-08 19:20:03,874: INFO: common: created directory at: artifacts\training]
[2024-09-08 19:21:58,922: INFO: main: >>>>>> stage Training completed <<<<<<

x==========x]
[2024-09-08 19:59:19,929: INFO: common: yaml file: config\config.yaml loaded successfully]
[2024-09-08 19:59:19,929: INFO: common: yaml file: params.yaml loaded successfully]
[2024-09-08 19:59:19,945: INFO: common: created directory at: artifacts]
[2024-09-08 19:59:56,456: INFO: common: json file saved at: scores.json]
[2024-09-08 20:38:36,673: INFO: common: yaml file: config\config.yaml loaded successfully]
[2024-09-08 20:38:36,682: INFO: common: yaml file: params.yaml loaded successfully]
[2024-09-08 20:38:36,792: INFO: common: created directory at: artifacts]
[2024-09-08 20:39:11,574: INFO: common: json file saved at: scores.json]
[2024-09-08 20:39:30,865: WARNING: connectionpool: Retrying (Retry(total=4, connect=5, read=4, redirect=5, status=5)) after connection broken by 'ConnectionResetError(10054, 'An existing connection was forcibly closed by the remote host', None, 10054, None)': /dhinesh1511/Kidney-Disease-Classification.mlflow/api/2.0/mlflow/runs/create]
[2024-09-08 20:39:34,504: WARNING: save: Found untraced functions such as _jit_compiled_convolution_op, _jit_compiled_convolution_op, _jit_compiled_convolution_op, _jit_compiled_convolution_op, _jit_compiled_convolution_op while saving (showing 5 of 14). These functions will not be directly callable after loading.]
[2024-09-08 20:39:35,487: INFO: builder_impl: Assets written to: C:\Users\HP\AppData\Local\Temp\tmpt9x0eudo\model\data\model\assets]
[2024-09-08 20:44:16,037: INFO: common: yaml file: config\config.yaml loaded successfully]
[2024-09-08 20:44:16,041: INFO: common: yaml file: params.yaml loaded successfully]
[2024-09-08 20:44:16,049: INFO: common: created directory at: artifacts]
[2024-09-08 20:44:51,208: INFO: common: json file saved at: scores.json]
[2024-09-08 20:47:34,534: INFO: common: yaml file: config\config.yaml loaded successfully]
[2024-09-08 20:47:34,541: INFO: common: yaml file: params.yaml loaded successfully]
[2024-09-08 20:47:34,549: INFO: common: created directory at: artifacts]
[2024-09-08 20:48:09,842: INFO: common: json file saved at: scores.json]
[2024-09-08 20:48:12,926: WARNING: save: Found untraced functions such as _jit_compiled_convolution_op, _jit_compiled_convolution_op, _jit_compiled_convolution_op, _jit_compiled_convolution_op, _jit_compiled_convolution_op while saving (showing 5 of 14). These functions will not be directly callable after loading.]
[2024-09-08 20:48:14,064: INFO: builder_impl: Assets written to: C:\Users\HP\AppData\Local\Temp\tmp2g418rgy\model\data\model\assets]
[2024-09-08 20:57:30,511: INFO: common: yaml file: config\config.yaml loaded successfully]
[2024-09-08 20:57:30,511: INFO: common: yaml file: params.yaml loaded successfully]
[2024-09-08 20:57:30,519: INFO: common: created directory at: artifacts]
[2024-09-08 20:58:04,917: INFO: common: json file saved at: scores.json]
[2024-09-08 20:58:07,995: WARNING: save: Found untraced functions such as _jit_compiled_convolution_op, _jit_compiled_convolution_op, _jit_compiled_convolution_op, _jit_compiled_convolution_op, _jit_compiled_convolution_op while saving (showing 5 of 14). These functions will not be directly callable after loading.]
[2024-09-08 20:58:08,879: INFO: builder_impl: Assets written to: C:\Users\HP\AppData\Local\Temp\tmp6vh6gjjm\model\data\model\assets]
[2024-09-08 21:27:18,738: INFO: main: >>>>>> stage Data Ingestion stage started <<<<<<]
[2024-09-08 21:27:18,738: INFO: common: yaml file: config\config.yaml loaded successfully]
[2024-09-08 21:27:18,738: INFO: common: yaml file: params.yaml loaded successfully]
[2024-09-08 21:27:18,738: INFO: common: created directory at: artifacts]
[2024-09-08 21:27:18,738: INFO: common: created directory at: artifacts/data_ingestion]
[2024-09-08 21:27:18,738: INFO: data_ingestion: Downloading data from https://drive.google.com/file/d/1vlhZ5c7abUKF8xXERIw6m9Te8fW7ohw3/view?usp=sharing into file artifacts/data_ingestion/data.zip]
[2024-09-08 21:27:31,733: INFO: data_ingestion: Downloaded data from https://drive.google.com/file/d/1vlhZ5c7abUKF8xXERIw6m9Te8fW7ohw3/view?usp=sharing into file artifacts/data_ingestion/data.zip]
[2024-09-08 21:27:32,623: INFO: main: >>>>>> stage Data Ingestion stage completed <<<<<<

x==========x]
[2024-09-08 21:27:32,623: INFO: main: *******************]
[2024-09-08 21:27:32,623: INFO: main: >>>>>> stage Prepare base model started <<<<<<]
[2024-09-08 21:27:32,623: INFO: common: yaml file: config\config.yaml loaded successfully]
[2024-09-08 21:27:32,623: INFO: common: yaml file: params.yaml loaded successfully]
[2024-09-08 21:27:32,623: INFO: common: created directory at: artifacts]
[2024-09-08 21:27:32,623: INFO: common: created directory at: artifacts/prepare_base_model]
[2024-09-08 21:27:33,750: WARNING: saving_utils: Compiled the loaded model, but the compiled metrics have yet to be built. `model.compile_metrics` will be empty until you train or evaluate the model.]
[2024-09-08 21:27:34,078: INFO: main: >>>>>> stage Prepare base model completed <<<<<<

x==========x]
[2024-09-08 21:27:34,078: INFO: main: *******************]
[2024-09-08 21:27:34,078: INFO: main: >>>>>> stage Training started <<<<<<]
[2024-09-08 21:27:34,094: INFO: common: yaml file: config\config.yaml loaded successfully]
[2024-09-08 21:27:34,094: INFO: common: yaml file: params.yaml loaded successfully]
[2024-09-08 21:27:34,094: INFO: common: created directory at: artifacts]
[2024-09-08 21:27:34,094: INFO: common: created directory at: artifacts\training]
[2024-09-08 21:29:29,443: INFO: main: >>>>>> stage Training completed <<<<<<

x==========x]
[2024-09-08 21:31:14,607: INFO: main: >>>>>> stage Data Ingestion stage started <<<<<<]
[2024-09-08 21:31:14,607: INFO: common: yaml file: config\config.yaml loaded successfully]
[2024-09-08 21:31:14,607: INFO: common: yaml file: params.yaml loaded successfully]
[2024-09-08 21:31:14,607: INFO: common: created directory at: artifacts]
[2024-09-08 21:31:14,607: INFO: common: created directory at: artifacts/data_ingestion]
[2024-09-08 21:31:14,607: INFO: data_ingestion: Downloading data from https://drive.google.com/file/d/1vlhZ5c7abUKF8xXERIw6m9Te8fW7ohw3/view?usp=sharing into file artifacts/data_ingestion/data.zip]
[2024-09-08 21:31:29,382: INFO: data_ingestion: Downloaded data from https://drive.google.com/file/d/1vlhZ5c7abUKF8xXERIw6m9Te8fW7ohw3/view?usp=sharing into file artifacts/data_ingestion/data.zip]
[2024-09-08 21:31:30,148: INFO: main: >>>>>> stage Data Ingestion stage completed <<<<<<

x==========x]
[2024-09-08 21:31:30,148: INFO: main: *******************]
[2024-09-08 21:31:30,148: INFO: main: >>>>>> stage Prepare base model started <<<<<<]
[2024-09-08 21:31:30,148: INFO: common: yaml file: config\config.yaml loaded successfully]
[2024-09-08 21:31:30,148: INFO: common: yaml file: params.yaml loaded successfully]
[2024-09-08 21:31:30,148: INFO: common: created directory at: artifacts]
[2024-09-08 21:31:30,148: INFO: common: created directory at: artifacts/prepare_base_model]
[2024-09-08 21:31:30,853: WARNING: saving_utils: Compiled the loaded model, but the compiled metrics have yet to be built. `model.compile_metrics` will be empty until you train or evaluate the model.]
[2024-09-08 21:31:31,479: INFO: main: >>>>>> stage Prepare base model completed <<<<<<

x==========x]
[2024-09-08 21:31:31,479: INFO: main: *******************]
[2024-09-08 21:31:31,479: INFO: main: >>>>>> stage Training started <<<<<<]
[2024-09-08 21:31:31,479: INFO: common: yaml file: config\config.yaml loaded successfully]
[2024-09-08 21:31:31,495: INFO: common: yaml file: params.yaml loaded successfully]
[2024-09-08 21:31:31,495: INFO: common: created directory at: artifacts]
[2024-09-08 21:31:31,495: INFO: common: created directory at: artifacts\training]
[2024-09-08 21:33:35,926: INFO: main: >>>>>> stage Training completed <<<<<<

x==========x]
[2024-09-08 21:33:35,926: INFO: main: *******************]
[2024-09-08 21:33:35,926: INFO: main: >>>>>> stage Evaluation stage started <<<<<<]
[2024-09-08 21:33:35,926: ERROR: main: name 'EvaluationPipeline' is not defined]
Traceback (most recent call last):
  File "main.py", line 52, in <module>
    model_evalution = EvaluationPipeline()
NameError: name 'EvaluationPipeline' is not defined
[2024-09-08 21:35:17,000: INFO: main: >>>>>> stage Data Ingestion stage started <<<<<<]
[2024-09-08 21:35:17,000: INFO: common: yaml file: config\config.yaml loaded successfully]
[2024-09-08 21:35:17,000: INFO: common: yaml file: params.yaml loaded successfully]
[2024-09-08 21:35:17,000: INFO: common: created directory at: artifacts]
[2024-09-08 21:35:17,000: INFO: common: created directory at: artifacts/data_ingestion]
[2024-09-08 21:35:17,000: INFO: data_ingestion: Downloading data from https://drive.google.com/file/d/1vlhZ5c7abUKF8xXERIw6m9Te8fW7ohw3/view?usp=sharing into file artifacts/data_ingestion/data.zip]
[2024-09-08 21:35:33,533: INFO: data_ingestion: Downloaded data from https://drive.google.com/file/d/1vlhZ5c7abUKF8xXERIw6m9Te8fW7ohw3/view?usp=sharing into file artifacts/data_ingestion/data.zip]
[2024-09-08 21:35:34,485: INFO: main: >>>>>> stage Data Ingestion stage completed <<<<<<

x==========x]
[2024-09-08 21:35:34,485: INFO: main: *******************]
[2024-09-08 21:35:34,485: INFO: main: >>>>>> stage Prepare base model started <<<<<<]
[2024-09-08 21:35:34,501: INFO: common: yaml file: config\config.yaml loaded successfully]
[2024-09-08 21:35:34,501: INFO: common: yaml file: params.yaml loaded successfully]
[2024-09-08 21:35:34,501: INFO: common: created directory at: artifacts]
[2024-09-08 21:35:34,501: INFO: common: created directory at: artifacts/prepare_base_model]
[2024-09-08 21:35:35,145: WARNING: saving_utils: Compiled the loaded model, but the compiled metrics have yet to be built. `model.compile_metrics` will be empty until you train or evaluate the model.]
[2024-09-08 21:35:35,426: INFO: main: >>>>>> stage Prepare base model completed <<<<<<

x==========x]
[2024-09-08 21:35:35,426: INFO: main: *******************]
[2024-09-08 21:35:35,426: INFO: main: >>>>>> stage Training started <<<<<<]
[2024-09-08 21:35:35,426: INFO: common: yaml file: config\config.yaml loaded successfully]
[2024-09-08 21:35:35,426: INFO: common: yaml file: params.yaml loaded successfully]
[2024-09-08 21:35:35,426: INFO: common: created directory at: artifacts]
[2024-09-08 21:35:35,426: INFO: common: created directory at: artifacts\training]
[2024-09-08 21:37:33,110: INFO: main: >>>>>> stage Training completed <<<<<<

x==========x]
[2024-09-08 21:37:33,110: INFO: main: *******************]
[2024-09-08 21:37:33,110: INFO: main: >>>>>> stage Evaluation stage started <<<<<<]
[2024-09-08 21:37:33,110: INFO: common: yaml file: config\config.yaml loaded successfully]
[2024-09-08 21:37:33,110: INFO: common: yaml file: params.yaml loaded successfully]
[2024-09-08 21:37:33,110: INFO: common: created directory at: artifacts]
[2024-09-08 21:38:17,197: INFO: common: json file saved at: scores.json]
[2024-09-08 21:38:17,197: INFO: common: json file saved at: scores.json]
[2024-09-08 21:38:17,197: INFO: main: >>>>>> stage Evaluation stage completed <<<<<<

x==========x]
[2024-09-08 21:42:01,339: INFO: main: >>>>>> stage Data Ingestion stage started <<<<<<]
[2024-09-08 21:42:01,339: INFO: common: yaml file: config\config.yaml loaded successfully]
[2024-09-08 21:42:01,339: INFO: common: yaml file: params.yaml loaded successfully]
[2024-09-08 21:42:01,339: INFO: common: created directory at: artifacts]
[2024-09-08 21:42:01,355: INFO: common: created directory at: artifacts/data_ingestion]
[2024-09-08 21:42:01,355: INFO: data_ingestion: Downloading data from https://drive.google.com/file/d/1vlhZ5c7abUKF8xXERIw6m9Te8fW7ohw3/view?usp=sharing into file artifacts/data_ingestion/data.zip]
[2024-09-08 21:42:18,367: INFO: data_ingestion: Downloaded data from https://drive.google.com/file/d/1vlhZ5c7abUKF8xXERIw6m9Te8fW7ohw3/view?usp=sharing into file artifacts/data_ingestion/data.zip]
[2024-09-08 21:42:18,992: INFO: main: >>>>>> stage Data Ingestion stage completed <<<<<<

x==========x]
[2024-09-08 21:42:18,992: INFO: main: *******************]
[2024-09-08 21:42:18,992: INFO: main: >>>>>> stage Prepare base model started <<<<<<]
[2024-09-08 21:42:18,992: INFO: common: yaml file: config\config.yaml loaded successfully]
[2024-09-08 21:42:19,007: INFO: common: yaml file: params.yaml loaded successfully]
[2024-09-08 21:42:19,007: INFO: common: created directory at: artifacts]
[2024-09-08 21:42:19,007: INFO: common: created directory at: artifacts/prepare_base_model]
[2024-09-08 21:42:19,585: WARNING: saving_utils: Compiled the loaded model, but the compiled metrics have yet to be built. `model.compile_metrics` will be empty until you train or evaluate the model.]
[2024-09-08 21:42:21,101: INFO: main: >>>>>> stage Prepare base model completed <<<<<<

x==========x]
[2024-09-08 21:42:21,101: INFO: main: *******************]
[2024-09-08 21:42:21,101: INFO: main: >>>>>> stage Training started <<<<<<]
[2024-09-08 21:42:21,101: INFO: common: yaml file: config\config.yaml loaded successfully]
[2024-09-08 21:42:21,116: INFO: common: yaml file: params.yaml loaded successfully]
[2024-09-08 21:42:21,116: INFO: common: created directory at: artifacts]
[2024-09-08 21:42:21,116: INFO: common: created directory at: artifacts\training]
[2024-09-08 21:51:03,891: INFO: main: >>>>>> stage Training completed <<<<<<

x==========x]
[2024-09-08 21:51:03,891: INFO: main: *******************]
[2024-09-08 21:51:03,906: INFO: main: >>>>>> stage Evaluation stage started <<<<<<]
[2024-09-08 21:51:03,906: INFO: common: yaml file: config\config.yaml loaded successfully]
[2024-09-08 21:51:03,906: INFO: common: yaml file: params.yaml loaded successfully]
[2024-09-08 21:51:03,906: INFO: common: created directory at: artifacts]
[2024-09-08 21:51:43,751: INFO: common: json file saved at: scores.json]
[2024-09-08 21:51:43,751: INFO: common: json file saved at: scores.json]
[2024-09-08 21:51:43,751: INFO: main: >>>>>> stage Evaluation stage completed <<<<<<

x==========x]
[2024-09-09 10:45:08,241: INFO: main: >>>>>> stage Data Ingestion stage started <<<<<<]
[2024-09-09 10:45:08,257: INFO: common: yaml file: config\config.yaml loaded successfully]
[2024-09-09 10:45:08,272: INFO: common: yaml file: params.yaml loaded successfully]
[2024-09-09 10:45:08,272: INFO: common: created directory at: artifacts]
[2024-09-09 10:45:08,272: INFO: common: created directory at: artifacts/data_ingestion]
[2024-09-09 10:45:08,272: INFO: data_ingestion: Downloading data from https://drive.google.com/file/d/1vlhZ5c7abUKF8xXERIw6m9Te8fW7ohw3/view?usp=sharing into file artifacts/data_ingestion/data.zip]
[2024-09-09 10:45:21,361: INFO: data_ingestion: Downloaded data from https://drive.google.com/file/d/1vlhZ5c7abUKF8xXERIw6m9Te8fW7ohw3/view?usp=sharing into file artifacts/data_ingestion/data.zip]
[2024-09-09 10:45:22,189: INFO: main: >>>>>> stage Data Ingestion stage completed <<<<<<

x==========x]
[2024-09-09 10:45:22,189: INFO: main: *******************]
[2024-09-09 10:45:22,189: INFO: main: >>>>>> stage Prepare base model started <<<<<<]
[2024-09-09 10:45:22,205: INFO: common: yaml file: config\config.yaml loaded successfully]
[2024-09-09 10:45:22,205: INFO: common: yaml file: params.yaml loaded successfully]
[2024-09-09 10:45:22,205: INFO: common: created directory at: artifacts]
[2024-09-09 10:45:22,205: INFO: common: created directory at: artifacts/prepare_base_model]
[2024-09-09 10:45:23,146: WARNING: saving_utils: Compiled the loaded model, but the compiled metrics have yet to be built. `model.compile_metrics` will be empty until you train or evaluate the model.]
[2024-09-09 10:45:25,536: INFO: main: >>>>>> stage Prepare base model completed <<<<<<

x==========x]
[2024-09-09 10:45:25,536: INFO: main: *******************]
[2024-09-09 10:45:25,536: INFO: main: >>>>>> stage Training started <<<<<<]
[2024-09-09 10:45:25,551: INFO: common: yaml file: config\config.yaml loaded successfully]
[2024-09-09 10:45:25,567: INFO: common: yaml file: params.yaml loaded successfully]
[2024-09-09 10:45:25,567: INFO: common: created directory at: artifacts]
[2024-09-09 10:45:25,567: INFO: common: created directory at: artifacts\training]
[2024-09-09 10:53:45,165: INFO: main: >>>>>> stage Training completed <<<<<<

x==========x]
[2024-09-09 10:53:45,165: INFO: main: *******************]
[2024-09-09 10:53:45,165: INFO: main: >>>>>> stage Evaluation stage started <<<<<<]
[2024-09-09 10:53:45,165: INFO: common: yaml file: config\config.yaml loaded successfully]
[2024-09-09 10:53:45,181: INFO: common: yaml file: params.yaml loaded successfully]
[2024-09-09 10:53:45,181: INFO: common: created directory at: artifacts]
[2024-09-09 10:54:27,573: INFO: common: json file saved at: scores.json]
[2024-09-09 10:54:27,573: INFO: common: json file saved at: scores.json]
[2024-09-09 10:54:27,573: INFO: main: >>>>>> stage Evaluation stage completed <<<<<<

x==========x]
[2024-09-09 11:13:42,556: INFO: common: yaml file: config\config.yaml loaded successfully]
[2024-09-09 11:13:42,559: INFO: common: yaml file: params.yaml loaded successfully]
[2024-09-09 11:13:42,567: INFO: common: created directory at: artifacts]
[2024-09-09 11:14:22,509: INFO: common: json file saved at: scores.json]
[2024-09-09 11:14:26,176: WARNING: save: Found untraced functions such as _jit_compiled_convolution_op, _jit_compiled_convolution_op, _jit_compiled_convolution_op, _jit_compiled_convolution_op, _jit_compiled_convolution_op while saving (showing 5 of 14). These functions will not be directly callable after loading.]
[2024-09-09 11:14:27,544: INFO: builder_impl: Assets written to: C:\Users\HP\AppData\Local\Temp\tmp5_gp7eh4\model\data\model\assets]
